<?xml version="1.0" encoding="UTF-8"?>
<coverage generated="1758219463265" clover="3.2.0">
  <project timestamp="1758219463265" name="All files">
    <metrics statements="26" coveredstatements="15" conditionals="15" coveredconditionals="9" methods="7" coveredmethods="5" elements="48" coveredelements="29" complexity="0" loc="26" ncloc="26" packages="1" files="1" classes="1"/>
    <file name="script.js" path="/Users/isabelesturmnedopetalski/Documents/PUCPR/DevOps/Somativa/Somativa-DevOps/js/script.js">
      <metrics statements="26" coveredstatements="15" conditionals="15" coveredconditionals="9" methods="7" coveredmethods="5"/>
      <line num="2" count="1" type="stmt"/>
      <line num="5" count="1" type="stmt"/>
      <line num="6" count="1" type="stmt"/>
      <line num="7" count="0" type="stmt"/>
      <line num="8" count="0" type="stmt"/>
      <line num="9" count="0" type="stmt"/>
      <line num="11" count="0" type="cond" truecount="0" falsecount="2"/>
      <line num="12" count="0" type="stmt"/>
      <line num="14" count="0" type="stmt"/>
      <line num="21" count="4" type="cond" truecount="2" falsecount="0"/>
      <line num="22" count="3" type="stmt"/>
      <line num="23" count="3" type="stmt"/>
      <line num="24" count="3" type="stmt"/>
      <line num="29" count="1" type="cond" truecount="1" falsecount="1"/>
      <line num="30" count="0" type="stmt"/>
      <line num="36" count="1" type="cond" truecount="1" falsecount="1"/>
      <line num="37" count="0" type="stmt"/>
      <line num="43" count="0" type="stmt"/>
      <line num="48" count="1" type="stmt"/>
      <line num="50" count="1" type="stmt"/>
      <line num="55" count="1" type="cond" truecount="1" falsecount="1"/>
      <line num="56" count="0" type="stmt"/>
      <line num="57" count="0" type="stmt"/>
      <line num="60" count="1" type="stmt"/>
      <line num="64" count="1" type="cond" truecount="3" falsecount="1"/>
      <line num="65" count="1" type="stmt"/>
    </file>
  </project>
</coverage>
