TN:
SF:js/script.js
FN:4,(anonymous_0)
FN:20,(anonymous_1)
FN:28,(anonymous_2)
FN:35,(anonymous_3)
FN:42,(anonymous_4)
FN:47,(anonymous_5)
FN:56,(anonymous_6)
FNF:7
FNH:5
FNDA:1,(anonymous_0)
FNDA:4,(anonymous_1)
FNDA:1,(anonymous_2)
FNDA:1,(anonymous_3)
FNDA:0,(anonymous_4)
FNDA:1,(anonymous_5)
FNDA:0,(anonymous_6)
DA:2,1
DA:5,1
DA:6,1
DA:7,0
DA:8,0
DA:9,0
DA:11,0
DA:12,0
DA:14,0
DA:21,4
DA:22,3
DA:23,3
DA:24,3
DA:29,1
DA:30,0
DA:36,1
DA:37,0
DA:43,0
DA:48,1
DA:50,1
DA:55,1
DA:56,0
DA:57,0
DA:60,1
DA:64,1
DA:65,1
LF:26
LH:15
BRDA:11,0,0,0
BRDA:11,0,1,0
BRDA:20,1,0,1
BRDA:21,2,0,1
BRDA:21,2,1,3
BRDA:29,3,0,0
BRDA:29,3,1,1
BRDA:36,4,0,0
BRDA:36,4,1,1
BRDA:55,5,0,0
BRDA:55,5,1,1
BRDA:64,6,0,1
BRDA:64,6,1,0
BRDA:64,7,0,1
BRDA:64,7,1,1
BRF:15
BRH:9
end_of_record
